<?xml version="1.0" encoding="UTF-8"?>
<!-- Generated by org.testng.reporters.JUnitXMLReporter -->
<testsuite ignored="0" hostname="DESKTOP-9B2JCSO" failures="0" tests="3" name="Test 1" time="30.885" errors="0" timestamp="2023-10-26T11:34:07 IST">
  <testcase classname="org.testngpractice.TestScenario1" name="tc1_1" time="11.479"/>
  <testcase classname="org.testngpractice.TestScenario1" name="tc1_2" time="8.9"/>
  <testcase classname="org.testngpractice.TestScenario2" name="tc2_1" time="10.222"/>
</testsuite> <!-- Test 1 -->
