<?xml version="1.0" encoding="UTF-8"?>
<!-- Generated by org.testng.reporters.JUnitXMLReporter -->
<testsuite ignored="0" hostname="DESKTOP-9B2JCSO" failures="0" tests="3" name="Test 3" time="23.717" errors="0" timestamp="2023-10-24T12:07:32 IST">
  <testcase classname="org.testngpractice.SampeTest" name="tc1_2" time="11.484"/>
  <testcase classname="org.testngpractice.SampeTest" name="tc1_1" time="11.995"/>
  <testcase classname="org.testngpractice.SampeTest" name="tc1_3" time="23.469"/>
</testsuite> <!-- Test 3 -->
