<?xml version="1.0" encoding="UTF-8"?>
<testng-results ignored="0" total="2" passed="2" failed="0" skipped="0">
  <reporter-output>
  </reporter-output>
  <suite started-at="2023-10-23T14:57:12 IST" name="Suite" finished-at="2023-10-23T14:57:22 IST" duration-ms="10337">
    <groups>
    </groups>
    <test started-at="2023-10-23T14:57:12 IST" name="Test Two" finished-at="2023-10-23T14:57:22 IST" duration-ms="10337">
      <class name="org.testngpractice.TestScenario2">
        <test-method is-config="true" signature="beforeClass()[pri:0, instance:org.testngpractice.TestScenario2@8462f31]" started-at="2023-10-23T14:57:12 IST" name="beforeClass" finished-at="2023-10-23T14:57:18 IST" duration-ms="6045" status="PASS">
          <reporter-output>
          </reporter-output>
        </test-method> <!-- beforeClass -->
        <test-method is-config="true" signature="beforeMeth()[pri:0, instance:org.testngpractice.TestScenario2@8462f31]" started-at="2023-10-23T14:57:18 IST" name="beforeMeth" finished-at="2023-10-23T14:57:21 IST" duration-ms="3191" status="PASS">
          <reporter-output>
          </reporter-output>
        </test-method> <!-- beforeMeth -->
        <test-method signature="tc1(java.lang.String,java.lang.String)[pri:0, instance:org.testngpractice.TestScenario2@8462f31]" started-at="2023-10-23T14:57:21 IST" name="tc1" data-provider="adactin data" finished-at="2023-10-23T14:57:22 IST" duration-ms="418" status="PASS">
          <params>
            <param index="0">
              <value>
                <![CDATA[a]]>
              </value>
            </param>
            <param index="1">
              <value>
                <![CDATA[10]]>
              </value>
            </param>
          </params>
          <reporter-output>
          </reporter-output>
        </test-method> <!-- tc1 -->
        <test-method is-config="true" signature="beforeMeth()[pri:0, instance:org.testngpractice.TestScenario2@8462f31]" started-at="2023-10-23T14:57:22 IST" name="beforeMeth" finished-at="2023-10-23T14:57:22 IST" duration-ms="215" status="PASS">
          <reporter-output>
          </reporter-output>
        </test-method> <!-- beforeMeth -->
        <test-method signature="tc1(java.lang.String,java.lang.String)[pri:0, instance:org.testngpractice.TestScenario2@8462f31]" started-at="2023-10-23T14:57:22 IST" name="tc1" data-provider="adactin data" finished-at="2023-10-23T14:57:22 IST" duration-ms="252" status="PASS">
          <params>
            <param index="0">
              <value>
                <![CDATA[b]]>
              </value>
            </param>
            <param index="1">
              <value>
                <![CDATA[b]]>
              </value>
            </param>
          </params>
          <reporter-output>
          </reporter-output>
        </test-method> <!-- tc1 -->
        <test-method is-config="true" signature="afterClass()[pri:0, instance:org.testngpractice.TestScenario2@8462f31]" started-at="2023-10-23T14:57:22 IST" name="afterClass" finished-at="2023-10-23T14:57:22 IST" duration-ms="0" status="PASS">
          <reporter-output>
          </reporter-output>
        </test-method> <!-- afterClass -->
      </class> <!-- org.testngpractice.TestScenario2 -->
    </test> <!-- Test Two -->
  </suite> <!-- Suite -->
</testng-results>
